<?xml version="1.0" encoding="UTF-8"?>
<!-- Generated by org.testng.reporters.JUnitReportReporter -->
<testsuite hostname="DESKTOP-CQ5J57P" failures="0" tests="1" name="testpackage.MavenTest1" time="11.008" errors="0" timestamp="01 Nov 2020 02:29:44 GMT" skipped="0">
  <testcase classname="testpackage.MavenTest1" name="test" time="11.008"/>
</testsuite> <!-- testpackage.MavenTest1 -->
